2023-01-18 22:26:20 INFO  CustomListener:36 - Test execution has skipped for : verifyEditAccountFieldsArePreFilled
2023-01-18 22:26:20 INFO  CustomListener:36 - Test execution has skipped for : verifyLoginCredentials
2023-01-18 22:26:38 INFO  WebdriverEvents:41 - Navigating tohttps://naveenautomationlabs.com/opencart/index.php?route=common/home
2023-01-18 22:26:41 INFO  WebdriverEvents:47 - Navigated tohttps://naveenautomationlabs.com/opencart/index.php?route=common/home
2023-01-18 22:26:41 INFO  WebdriverEvents:86 - Finding elementBy.xpath: //span[text()='My Account']
2023-01-18 22:26:41 INFO  WebdriverEvents:92 - Elelement FoundBy.xpath: //span[text()='My Account']
2023-01-18 22:26:41 INFO  WebdriverEvents:98 - clicking on[[EdgeDriver: msedge on WINDOWS (edef3150dae6e812884c4175fcd34d42)] -> xpath: //span[text()='My Account']]
2023-01-18 22:26:41 INFO  WebdriverEvents:104 - clicked on[[EdgeDriver: msedge on WINDOWS (edef3150dae6e812884c4175fcd34d42)] -> xpath: //span[text()='My Account']]
2023-01-18 22:26:41 INFO  WebdriverEvents:86 - Finding elementBy.cssSelector: ul.dropdown-menu.dropdown-menu-right li:last-of-type a
2023-01-18 22:26:41 INFO  WebdriverEvents:92 - Elelement FoundBy.cssSelector: ul.dropdown-menu.dropdown-menu-right li:last-of-type a
2023-01-18 22:26:41 INFO  WebdriverEvents:98 - clicking on[[EdgeDriver: msedge on WINDOWS (edef3150dae6e812884c4175fcd34d42)] -> css selector: ul.dropdown-menu.dropdown-menu-right li:last-of-type a]
2023-01-18 22:26:41 INFO  WebdriverEvents:104 - clicked on[[EdgeDriver: msedge on WINDOWS (edef3150dae6e812884c4175fcd34d42)] -> css selector: ul.dropdown-menu.dropdown-menu-right li:last-of-type a]
2023-01-18 22:26:41 INFO  WebdriverEvents:86 - Finding elementBy.cssSelector: form div.form-group:first-of-type input
2023-01-18 22:26:41 INFO  WebdriverEvents:92 - Elelement FoundBy.cssSelector: form div.form-group:first-of-type input
2023-01-18 22:26:42 INFO  WebdriverEvents:86 - Finding elementBy.cssSelector: form div.form-group:last-of-type input
2023-01-18 22:26:42 INFO  WebdriverEvents:92 - Elelement FoundBy.cssSelector: form div.form-group:last-of-type input
2023-01-18 22:26:42 INFO  WebdriverEvents:86 - Finding elementBy.cssSelector: input[type='submit']
2023-01-18 22:26:42 INFO  WebdriverEvents:92 - Elelement FoundBy.cssSelector: input[type='submit']
2023-01-18 22:26:43 INFO  CustomListener:19 - Test execution has started for : testSomething
2023-01-18 22:26:43 INFO  RetryFailedTests:20 - Running a failed test 1 times
2023-01-18 22:26:43 INFO  CustomListener:36 - Test execution has skipped for : testSomething
2023-01-18 22:26:46 INFO  WebdriverEvents:41 - Navigating tohttps://naveenautomationlabs.com/opencart/index.php?route=common/home
2023-01-18 22:26:48 INFO  WebdriverEvents:47 - Navigated tohttps://naveenautomationlabs.com/opencart/index.php?route=common/home
2023-01-18 22:26:48 INFO  WebdriverEvents:86 - Finding elementBy.xpath: //span[text()='My Account']
2023-01-18 22:26:48 INFO  WebdriverEvents:92 - Elelement FoundBy.xpath: //span[text()='My Account']
2023-01-18 22:26:48 INFO  WebdriverEvents:98 - clicking on[[EdgeDriver: msedge on WINDOWS (21c97a88097eaea80558687c63ebf9e7)] -> xpath: //span[text()='My Account']]
2023-01-18 22:26:48 INFO  WebdriverEvents:104 - clicked on[[EdgeDriver: msedge on WINDOWS (21c97a88097eaea80558687c63ebf9e7)] -> xpath: //span[text()='My Account']]
2023-01-18 22:26:48 INFO  WebdriverEvents:86 - Finding elementBy.cssSelector: ul.dropdown-menu.dropdown-menu-right li:last-of-type a
2023-01-18 22:26:48 INFO  WebdriverEvents:92 - Elelement FoundBy.cssSelector: ul.dropdown-menu.dropdown-menu-right li:last-of-type a
2023-01-18 22:26:48 INFO  WebdriverEvents:98 - clicking on[[EdgeDriver: msedge on WINDOWS (21c97a88097eaea80558687c63ebf9e7)] -> css selector: ul.dropdown-menu.dropdown-menu-right li:last-of-type a]
2023-01-18 22:26:49 INFO  WebdriverEvents:104 - clicked on[[EdgeDriver: msedge on WINDOWS (21c97a88097eaea80558687c63ebf9e7)] -> css selector: ul.dropdown-menu.dropdown-menu-right li:last-of-type a]
2023-01-18 22:26:49 INFO  WebdriverEvents:86 - Finding elementBy.cssSelector: form div.form-group:first-of-type input
2023-01-18 22:26:49 INFO  WebdriverEvents:92 - Elelement FoundBy.cssSelector: form div.form-group:first-of-type input
2023-01-18 22:26:49 INFO  WebdriverEvents:86 - Finding elementBy.cssSelector: form div.form-group:last-of-type input
2023-01-18 22:26:49 INFO  WebdriverEvents:92 - Elelement FoundBy.cssSelector: form div.form-group:last-of-type input
2023-01-18 22:26:49 INFO  WebdriverEvents:86 - Finding elementBy.cssSelector: input[type='submit']
2023-01-18 22:26:49 INFO  WebdriverEvents:92 - Elelement FoundBy.cssSelector: input[type='submit']
2023-01-18 22:26:50 INFO  CustomListener:19 - Test execution has started for : testSomething
2023-01-18 22:26:50 INFO  RetryFailedTests:20 - Running a failed test 2 times
2023-01-18 22:26:50 INFO  CustomListener:36 - Test execution has skipped for : testSomething
2023-01-18 22:26:53 INFO  WebdriverEvents:41 - Navigating tohttps://naveenautomationlabs.com/opencart/index.php?route=common/home
2023-01-18 22:26:56 INFO  WebdriverEvents:47 - Navigated tohttps://naveenautomationlabs.com/opencart/index.php?route=common/home
2023-01-18 22:26:56 INFO  WebdriverEvents:86 - Finding elementBy.xpath: //span[text()='My Account']
2023-01-18 22:26:56 INFO  WebdriverEvents:92 - Elelement FoundBy.xpath: //span[text()='My Account']
2023-01-18 22:26:56 INFO  WebdriverEvents:98 - clicking on[[EdgeDriver: msedge on WINDOWS (af0fe9990c6f8ee965e44aeb11351cac)] -> xpath: //span[text()='My Account']]
2023-01-18 22:26:56 INFO  WebdriverEvents:104 - clicked on[[EdgeDriver: msedge on WINDOWS (af0fe9990c6f8ee965e44aeb11351cac)] -> xpath: //span[text()='My Account']]
2023-01-18 22:26:56 INFO  WebdriverEvents:86 - Finding elementBy.cssSelector: ul.dropdown-menu.dropdown-menu-right li:last-of-type a
2023-01-18 22:26:56 INFO  WebdriverEvents:92 - Elelement FoundBy.cssSelector: ul.dropdown-menu.dropdown-menu-right li:last-of-type a
2023-01-18 22:26:56 INFO  WebdriverEvents:98 - clicking on[[EdgeDriver: msedge on WINDOWS (af0fe9990c6f8ee965e44aeb11351cac)] -> css selector: ul.dropdown-menu.dropdown-menu-right li:last-of-type a]
2023-01-18 22:26:56 INFO  WebdriverEvents:104 - clicked on[[EdgeDriver: msedge on WINDOWS (af0fe9990c6f8ee965e44aeb11351cac)] -> css selector: ul.dropdown-menu.dropdown-menu-right li:last-of-type a]
2023-01-18 22:26:56 INFO  WebdriverEvents:86 - Finding elementBy.cssSelector: form div.form-group:first-of-type input
2023-01-18 22:26:56 INFO  WebdriverEvents:92 - Elelement FoundBy.cssSelector: form div.form-group:first-of-type input
2023-01-18 22:26:56 INFO  WebdriverEvents:86 - Finding elementBy.cssSelector: form div.form-group:last-of-type input
2023-01-18 22:26:56 INFO  WebdriverEvents:92 - Elelement FoundBy.cssSelector: form div.form-group:last-of-type input
2023-01-18 22:26:57 INFO  WebdriverEvents:86 - Finding elementBy.cssSelector: input[type='submit']
2023-01-18 22:26:57 INFO  WebdriverEvents:92 - Elelement FoundBy.cssSelector: input[type='submit']
2023-01-18 22:26:57 INFO  CustomListener:19 - Test execution has started for : testSomething
2023-01-18 22:26:57 ERROR CustomListener:30 - Test execution failed and taking screen shot: testSomething
2023-01-18 22:27:00 INFO  WebdriverEvents:41 - Navigating tohttps://naveenautomationlabs.com/opencart/index.php?route=common/home
2023-01-18 22:27:04 INFO  WebdriverEvents:47 - Navigated tohttps://naveenautomationlabs.com/opencart/index.php?route=common/home
2023-01-18 22:27:04 INFO  WebdriverEvents:86 - Finding elementBy.xpath: //span[text()='My Account']
2023-01-18 22:27:04 INFO  WebdriverEvents:92 - Elelement FoundBy.xpath: //span[text()='My Account']
2023-01-18 22:27:04 INFO  WebdriverEvents:98 - clicking on[[EdgeDriver: msedge on WINDOWS (50045c3c0b74bf8b2e1c5fece8f99cf0)] -> xpath: //span[text()='My Account']]
2023-01-18 22:27:04 INFO  WebdriverEvents:104 - clicked on[[EdgeDriver: msedge on WINDOWS (50045c3c0b74bf8b2e1c5fece8f99cf0)] -> xpath: //span[text()='My Account']]
2023-01-18 22:27:04 INFO  WebdriverEvents:86 - Finding elementBy.cssSelector: ul.dropdown-menu.dropdown-menu-right li:last-of-type a
2023-01-18 22:27:04 INFO  WebdriverEvents:92 - Elelement FoundBy.cssSelector: ul.dropdown-menu.dropdown-menu-right li:last-of-type a
2023-01-18 22:27:04 INFO  WebdriverEvents:98 - clicking on[[EdgeDriver: msedge on WINDOWS (50045c3c0b74bf8b2e1c5fece8f99cf0)] -> css selector: ul.dropdown-menu.dropdown-menu-right li:last-of-type a]
2023-01-18 22:27:04 INFO  WebdriverEvents:104 - clicked on[[EdgeDriver: msedge on WINDOWS (50045c3c0b74bf8b2e1c5fece8f99cf0)] -> css selector: ul.dropdown-menu.dropdown-menu-right li:last-of-type a]
2023-01-18 22:27:04 INFO  WebdriverEvents:86 - Finding elementBy.cssSelector: form div.form-group:first-of-type input
2023-01-18 22:27:04 INFO  WebdriverEvents:92 - Elelement FoundBy.cssSelector: form div.form-group:first-of-type input
2023-01-18 22:27:05 INFO  WebdriverEvents:86 - Finding elementBy.cssSelector: form div.form-group:last-of-type input
2023-01-18 22:27:05 INFO  WebdriverEvents:92 - Elelement FoundBy.cssSelector: form div.form-group:last-of-type input
2023-01-18 22:27:05 INFO  WebdriverEvents:86 - Finding elementBy.cssSelector: input[type='submit']
2023-01-18 22:27:05 INFO  WebdriverEvents:92 - Elelement FoundBy.cssSelector: input[type='submit']
2023-01-18 22:27:06 INFO  CustomListener:19 - Test execution has started for : validateLogin
2023-01-18 22:27:06 INFO  WebdriverEvents:86 - Finding elementBy.cssSelector: #content h2:first-of-type
2023-01-18 22:27:06 INFO  WebdriverEvents:92 - Elelement FoundBy.cssSelector: #content h2:first-of-type
2023-01-18 22:27:06 INFO  WebdriverEvents:161 - getting text from [[EdgeDriver: msedge on WINDOWS (50045c3c0b74bf8b2e1c5fece8f99cf0)] -> css selector: #content h2:first-of-type]
2023-01-18 22:27:06 INFO  WebdriverEvents:167 - Got text from [[EdgeDriver: msedge on WINDOWS (50045c3c0b74bf8b2e1c5fece8f99cf0)] -> css selector: #content h2:first-of-type]
2023-01-18 22:27:06 INFO  CustomListener:24 - Test execution has passed for : validateLogin
2023-01-18 22:27:09 INFO  WebdriverEvents:41 - Navigating tohttps://naveenautomationlabs.com/opencart/index.php?route=common/home
2023-01-18 22:27:12 INFO  WebdriverEvents:47 - Navigated tohttps://naveenautomationlabs.com/opencart/index.php?route=common/home
2023-01-18 22:27:12 INFO  WebdriverEvents:86 - Finding elementBy.xpath: //span[text()='My Account']
2023-01-18 22:27:12 INFO  WebdriverEvents:92 - Elelement FoundBy.xpath: //span[text()='My Account']
2023-01-18 22:27:12 INFO  WebdriverEvents:98 - clicking on[[EdgeDriver: msedge on WINDOWS (5d92140d95a8abbf8b25fafc42c9cab9)] -> xpath: //span[text()='My Account']]
2023-01-18 22:27:12 INFO  WebdriverEvents:104 - clicked on[[EdgeDriver: msedge on WINDOWS (5d92140d95a8abbf8b25fafc42c9cab9)] -> xpath: //span[text()='My Account']]
2023-01-18 22:27:12 INFO  WebdriverEvents:86 - Finding elementBy.cssSelector: ul.dropdown-menu.dropdown-menu-right li:last-of-type a
2023-01-18 22:27:12 INFO  WebdriverEvents:92 - Elelement FoundBy.cssSelector: ul.dropdown-menu.dropdown-menu-right li:last-of-type a
2023-01-18 22:27:12 INFO  WebdriverEvents:98 - clicking on[[EdgeDriver: msedge on WINDOWS (5d92140d95a8abbf8b25fafc42c9cab9)] -> css selector: ul.dropdown-menu.dropdown-menu-right li:last-of-type a]
2023-01-18 22:27:13 INFO  WebdriverEvents:104 - clicked on[[EdgeDriver: msedge on WINDOWS (5d92140d95a8abbf8b25fafc42c9cab9)] -> css selector: ul.dropdown-menu.dropdown-menu-right li:last-of-type a]
2023-01-18 22:27:13 INFO  WebdriverEvents:86 - Finding elementBy.cssSelector: form div.form-group:first-of-type input
2023-01-18 22:27:13 INFO  WebdriverEvents:92 - Elelement FoundBy.cssSelector: form div.form-group:first-of-type input
2023-01-18 22:27:13 INFO  WebdriverEvents:86 - Finding elementBy.cssSelector: form div.form-group:last-of-type input
2023-01-18 22:27:13 INFO  WebdriverEvents:92 - Elelement FoundBy.cssSelector: form div.form-group:last-of-type input
2023-01-18 22:27:13 INFO  WebdriverEvents:86 - Finding elementBy.cssSelector: input[type='submit']
2023-01-18 22:27:13 INFO  WebdriverEvents:92 - Elelement FoundBy.cssSelector: input[type='submit']
2023-01-18 22:27:14 INFO  CustomListener:19 - Test execution has started for : verifyAlertBannerForNewsletterSubscription
2023-01-18 22:27:14 INFO  WebdriverEvents:86 - Finding elementBy.cssSelector: #content ul:last-of-type a
2023-01-18 22:27:14 INFO  WebdriverEvents:92 - Elelement FoundBy.cssSelector: #content ul:last-of-type a
2023-01-18 22:27:14 INFO  WebdriverEvents:98 - clicking on[[EdgeDriver: msedge on WINDOWS (5d92140d95a8abbf8b25fafc42c9cab9)] -> css selector: #content ul:last-of-type a]
2023-01-18 22:27:14 INFO  WebdriverEvents:104 - clicked on[[EdgeDriver: msedge on WINDOWS (5d92140d95a8abbf8b25fafc42c9cab9)] -> css selector: #content ul:last-of-type a]
2023-01-18 22:27:14 INFO  WebdriverEvents:86 - Finding elementBy.cssSelector: input[value='1']
2023-01-18 22:27:14 INFO  WebdriverEvents:92 - Elelement FoundBy.cssSelector: input[value='1']
2023-01-18 22:27:14 INFO  WebdriverEvents:86 - Finding elementBy.cssSelector: input[value='Continue']
2023-01-18 22:27:14 INFO  WebdriverEvents:92 - Elelement FoundBy.cssSelector: input[value='Continue']
2023-01-18 22:27:15 INFO  WebdriverEvents:86 - Finding elementBy.cssSelector: div.alert-success
2023-01-18 22:27:15 INFO  WebdriverEvents:92 - Elelement FoundBy.cssSelector: div.alert-success
2023-01-18 22:27:15 INFO  WebdriverEvents:161 - getting text from [[EdgeDriver: msedge on WINDOWS (5d92140d95a8abbf8b25fafc42c9cab9)] -> css selector: div.alert-success]
2023-01-18 22:27:15 INFO  WebdriverEvents:167 - Got text from [[EdgeDriver: msedge on WINDOWS (5d92140d95a8abbf8b25fafc42c9cab9)] -> css selector: div.alert-success]
2023-01-18 22:27:15 INFO  CustomListener:24 - Test execution has passed for : verifyAlertBannerForNewsletterSubscription
2023-01-18 22:27:15 INFO  CustomListener:19 - Test execution has started for : verifyAlertBannerForTelephoneUpdate
2023-01-18 22:27:15 INFO  CustomListener:36 - Test execution has skipped for : verifyAlertBannerForTelephoneUpdate
2023-01-18 22:27:18 INFO  WebdriverEvents:41 - Navigating tohttps://naveenautomationlabs.com/opencart/index.php?route=common/home
2023-01-18 22:27:21 INFO  WebdriverEvents:47 - Navigated tohttps://naveenautomationlabs.com/opencart/index.php?route=common/home
2023-01-18 22:27:21 INFO  WebdriverEvents:86 - Finding elementBy.xpath: //span[text()='My Account']
2023-01-18 22:27:21 INFO  WebdriverEvents:92 - Elelement FoundBy.xpath: //span[text()='My Account']
2023-01-18 22:27:21 INFO  WebdriverEvents:98 - clicking on[[EdgeDriver: msedge on WINDOWS (c733fae88ea5176c5f7a21323b3cde50)] -> xpath: //span[text()='My Account']]
2023-01-18 22:27:21 INFO  WebdriverEvents:104 - clicked on[[EdgeDriver: msedge on WINDOWS (c733fae88ea5176c5f7a21323b3cde50)] -> xpath: //span[text()='My Account']]
2023-01-18 22:27:21 INFO  WebdriverEvents:86 - Finding elementBy.cssSelector: ul.dropdown-menu.dropdown-menu-right li:last-of-type a
2023-01-18 22:27:21 INFO  WebdriverEvents:92 - Elelement FoundBy.cssSelector: ul.dropdown-menu.dropdown-menu-right li:last-of-type a
2023-01-18 22:27:21 INFO  WebdriverEvents:98 - clicking on[[EdgeDriver: msedge on WINDOWS (c733fae88ea5176c5f7a21323b3cde50)] -> css selector: ul.dropdown-menu.dropdown-menu-right li:last-of-type a]
2023-01-18 22:27:22 INFO  WebdriverEvents:104 - clicked on[[EdgeDriver: msedge on WINDOWS (c733fae88ea5176c5f7a21323b3cde50)] -> css selector: ul.dropdown-menu.dropdown-menu-right li:last-of-type a]
2023-01-18 22:27:22 INFO  WebdriverEvents:86 - Finding elementBy.cssSelector: form div.form-group:first-of-type input
2023-01-18 22:27:22 INFO  WebdriverEvents:92 - Elelement FoundBy.cssSelector: form div.form-group:first-of-type input
2023-01-18 22:27:22 INFO  WebdriverEvents:86 - Finding elementBy.cssSelector: form div.form-group:last-of-type input
2023-01-18 22:27:22 INFO  WebdriverEvents:92 - Elelement FoundBy.cssSelector: form div.form-group:last-of-type input
2023-01-18 22:27:22 INFO  WebdriverEvents:86 - Finding elementBy.cssSelector: input[type='submit']
2023-01-18 22:27:22 INFO  WebdriverEvents:92 - Elelement FoundBy.cssSelector: input[type='submit']
2023-01-18 22:27:23 INFO  WebdriverEvents:86 - Finding elementBy.cssSelector: ul.list-inline>li:nth-of-type(3) span
2023-01-18 22:27:23 INFO  WebdriverEvents:92 - Elelement FoundBy.cssSelector: ul.list-inline>li:nth-of-type(3) span
2023-01-18 22:27:23 INFO  WebdriverEvents:98 - clicking on[[EdgeDriver: msedge on WINDOWS (c733fae88ea5176c5f7a21323b3cde50)] -> css selector: ul.list-inline>li:nth-of-type(3) span]
2023-01-18 22:27:24 INFO  WebdriverEvents:104 - clicked on[[EdgeDriver: msedge on WINDOWS (c733fae88ea5176c5f7a21323b3cde50)] -> css selector: ul.list-inline>li:nth-of-type(3) span]
2023-01-18 22:27:24 INFO  CustomListener:19 - Test execution has started for : validateTitle
2023-01-18 22:27:24 INFO  CustomListener:24 - Test execution has passed for : validateTitle
2023-01-18 22:27:26 INFO  WebdriverEvents:41 - Navigating tohttps://naveenautomationlabs.com/opencart/index.php?route=common/home
2023-01-18 22:27:30 INFO  WebdriverEvents:47 - Navigated tohttps://naveenautomationlabs.com/opencart/index.php?route=common/home
2023-01-18 22:27:30 INFO  WebdriverEvents:86 - Finding elementBy.xpath: //span[text()='My Account']
2023-01-18 22:27:30 INFO  WebdriverEvents:92 - Elelement FoundBy.xpath: //span[text()='My Account']
2023-01-18 22:27:30 INFO  WebdriverEvents:98 - clicking on[[EdgeDriver: msedge on WINDOWS (7ecdbf4e6a4c09ad0154f1810ffcf62e)] -> xpath: //span[text()='My Account']]
2023-01-18 22:27:30 INFO  WebdriverEvents:104 - clicked on[[EdgeDriver: msedge on WINDOWS (7ecdbf4e6a4c09ad0154f1810ffcf62e)] -> xpath: //span[text()='My Account']]
2023-01-18 22:27:30 INFO  WebdriverEvents:86 - Finding elementBy.cssSelector: ul.dropdown-menu.dropdown-menu-right li:last-of-type a
2023-01-18 22:27:30 INFO  WebdriverEvents:92 - Elelement FoundBy.cssSelector: ul.dropdown-menu.dropdown-menu-right li:last-of-type a
2023-01-18 22:27:30 INFO  WebdriverEvents:98 - clicking on[[EdgeDriver: msedge on WINDOWS (7ecdbf4e6a4c09ad0154f1810ffcf62e)] -> css selector: ul.dropdown-menu.dropdown-menu-right li:last-of-type a]
2023-01-18 22:27:30 INFO  WebdriverEvents:104 - clicked on[[EdgeDriver: msedge on WINDOWS (7ecdbf4e6a4c09ad0154f1810ffcf62e)] -> css selector: ul.dropdown-menu.dropdown-menu-right li:last-of-type a]
2023-01-18 22:27:30 INFO  WebdriverEvents:86 - Finding elementBy.cssSelector: form div.form-group:first-of-type input
2023-01-18 22:27:31 INFO  WebdriverEvents:92 - Elelement FoundBy.cssSelector: form div.form-group:first-of-type input
2023-01-18 22:27:31 INFO  WebdriverEvents:86 - Finding elementBy.cssSelector: form div.form-group:last-of-type input
2023-01-18 22:27:31 INFO  WebdriverEvents:92 - Elelement FoundBy.cssSelector: form div.form-group:last-of-type input
2023-01-18 22:27:31 INFO  WebdriverEvents:86 - Finding elementBy.cssSelector: input[type='submit']
2023-01-18 22:27:31 INFO  WebdriverEvents:92 - Elelement FoundBy.cssSelector: input[type='submit']
2023-01-18 22:27:31 INFO  WebdriverEvents:86 - Finding elementBy.cssSelector: ul.list-inline>li:nth-of-type(3) span
2023-01-18 22:27:32 INFO  WebdriverEvents:92 - Elelement FoundBy.cssSelector: ul.list-inline>li:nth-of-type(3) span
2023-01-18 22:27:32 INFO  WebdriverEvents:98 - clicking on[[EdgeDriver: msedge on WINDOWS (7ecdbf4e6a4c09ad0154f1810ffcf62e)] -> css selector: ul.list-inline>li:nth-of-type(3) span]
2023-01-18 22:27:32 INFO  WebdriverEvents:104 - clicked on[[EdgeDriver: msedge on WINDOWS (7ecdbf4e6a4c09ad0154f1810ffcf62e)] -> css selector: ul.list-inline>li:nth-of-type(3) span]
2023-01-18 22:27:32 INFO  CustomListener:19 - Test execution has started for : verifyProductName
2023-01-18 22:27:32 INFO  WebdriverEvents:86 - Finding elementBy.cssSelector: table.table.table-bordered.table-hover thead tr td
2023-01-18 22:27:32 INFO  WebdriverEvents:92 - Elelement FoundBy.cssSelector: table.table.table-bordered.table-hover thead tr td
2023-01-18 22:27:32 INFO  WebdriverEvents:161 - getting text from [[EdgeDriver: msedge on WINDOWS (7ecdbf4e6a4c09ad0154f1810ffcf62e)] -> css selector: table.table.table-bordered.table-hover thead tr td]
2023-01-18 22:27:32 INFO  WebdriverEvents:167 - Got text from [[EdgeDriver: msedge on WINDOWS (7ecdbf4e6a4c09ad0154f1810ffcf62e)] -> css selector: table.table.table-bordered.table-hover thead tr td]
2023-01-18 22:27:32 INFO  WebdriverEvents:161 - getting text from [[EdgeDriver: msedge on WINDOWS (7ecdbf4e6a4c09ad0154f1810ffcf62e)] -> css selector: table.table.table-bordered.table-hover thead tr td]
2023-01-18 22:27:32 INFO  WebdriverEvents:167 - Got text from [[EdgeDriver: msedge on WINDOWS (7ecdbf4e6a4c09ad0154f1810ffcf62e)] -> css selector: table.table.table-bordered.table-hover thead tr td]
2023-01-18 22:27:32 INFO  WebdriverEvents:86 - Finding elementBy.cssSelector: table.table.table-bordered.table-hover tbody tr
2023-01-18 22:27:32 INFO  WebdriverEvents:92 - Elelement FoundBy.cssSelector: table.table.table-bordered.table-hover tbody tr
2023-01-18 22:27:32 INFO  WebdriverEvents:86 - Finding elementBy.cssSelector: td
2023-01-18 22:27:32 INFO  WebdriverEvents:92 - Elelement FoundBy.cssSelector: td
2023-01-18 22:27:32 INFO  WebdriverEvents:161 - getting text from [[[[EdgeDriver: msedge on WINDOWS (7ecdbf4e6a4c09ad0154f1810ffcf62e)] -> css selector: table.table.table-bordered.table-hover tbody tr]] -> css selector: td]
2023-01-18 22:27:32 INFO  WebdriverEvents:167 - Got text from [[[[EdgeDriver: msedge on WINDOWS (7ecdbf4e6a4c09ad0154f1810ffcf62e)] -> css selector: table.table.table-bordered.table-hover tbody tr]] -> css selector: td]
2023-01-18 22:27:32 INFO  WebdriverEvents:161 - getting text from [[[[EdgeDriver: msedge on WINDOWS (7ecdbf4e6a4c09ad0154f1810ffcf62e)] -> css selector: table.table.table-bordered.table-hover tbody tr]] -> css selector: td]
2023-01-18 22:27:32 INFO  WebdriverEvents:167 - Got text from [[[[EdgeDriver: msedge on WINDOWS (7ecdbf4e6a4c09ad0154f1810ffcf62e)] -> css selector: table.table.table-bordered.table-hover tbody tr]] -> css selector: td]
2023-01-18 22:27:32 INFO  WebdriverEvents:86 - Finding elementBy.cssSelector: table.table.table-bordered.table-hover thead tr td
2023-01-18 22:27:32 INFO  WebdriverEvents:92 - Elelement FoundBy.cssSelector: table.table.table-bordered.table-hover thead tr td
2023-01-18 22:27:32 INFO  WebdriverEvents:161 - getting text from [[EdgeDriver: msedge on WINDOWS (7ecdbf4e6a4c09ad0154f1810ffcf62e)] -> css selector: table.table.table-bordered.table-hover thead tr td]
2023-01-18 22:27:32 INFO  WebdriverEvents:167 - Got text from [[EdgeDriver: msedge on WINDOWS (7ecdbf4e6a4c09ad0154f1810ffcf62e)] -> css selector: table.table.table-bordered.table-hover thead tr td]
2023-01-18 22:27:32 INFO  WebdriverEvents:161 - getting text from [[EdgeDriver: msedge on WINDOWS (7ecdbf4e6a4c09ad0154f1810ffcf62e)] -> css selector: table.table.table-bordered.table-hover thead tr td]
2023-01-18 22:27:32 INFO  WebdriverEvents:167 - Got text from [[EdgeDriver: msedge on WINDOWS (7ecdbf4e6a4c09ad0154f1810ffcf62e)] -> css selector: table.table.table-bordered.table-hover thead tr td]
2023-01-18 22:27:32 INFO  WebdriverEvents:86 - Finding elementBy.cssSelector: table.table.table-bordered.table-hover tbody tr
2023-01-18 22:27:32 INFO  WebdriverEvents:92 - Elelement FoundBy.cssSelector: table.table.table-bordered.table-hover tbody tr
2023-01-18 22:27:32 INFO  WebdriverEvents:86 - Finding elementBy.cssSelector: td
2023-01-18 22:27:32 INFO  WebdriverEvents:92 - Elelement FoundBy.cssSelector: td
2023-01-18 22:27:32 INFO  WebdriverEvents:161 - getting text from [[[[EdgeDriver: msedge on WINDOWS (7ecdbf4e6a4c09ad0154f1810ffcf62e)] -> css selector: table.table.table-bordered.table-hover tbody tr]] -> css selector: td]
2023-01-18 22:27:32 INFO  WebdriverEvents:167 - Got text from [[[[EdgeDriver: msedge on WINDOWS (7ecdbf4e6a4c09ad0154f1810ffcf62e)] -> css selector: table.table.table-bordered.table-hover tbody tr]] -> css selector: td]
2023-01-18 22:27:32 INFO  RetryFailedTests:20 - Running a failed test 1 times
2023-01-18 22:27:32 INFO  CustomListener:36 - Test execution has skipped for : verifyProductName
2023-01-18 22:27:35 INFO  WebdriverEvents:41 - Navigating tohttps://naveenautomationlabs.com/opencart/index.php?route=common/home
2023-01-18 22:27:38 INFO  WebdriverEvents:47 - Navigated tohttps://naveenautomationlabs.com/opencart/index.php?route=common/home
2023-01-18 22:27:38 INFO  WebdriverEvents:86 - Finding elementBy.xpath: //span[text()='My Account']
2023-01-18 22:27:38 INFO  WebdriverEvents:92 - Elelement FoundBy.xpath: //span[text()='My Account']
2023-01-18 22:27:38 INFO  WebdriverEvents:98 - clicking on[[EdgeDriver: msedge on WINDOWS (8ecbd9f52cda99ed9febcd18153f0eb7)] -> xpath: //span[text()='My Account']]
2023-01-18 22:27:38 INFO  WebdriverEvents:104 - clicked on[[EdgeDriver: msedge on WINDOWS (8ecbd9f52cda99ed9febcd18153f0eb7)] -> xpath: //span[text()='My Account']]
2023-01-18 22:27:38 INFO  WebdriverEvents:86 - Finding elementBy.cssSelector: ul.dropdown-menu.dropdown-menu-right li:last-of-type a
2023-01-18 22:27:38 INFO  WebdriverEvents:92 - Elelement FoundBy.cssSelector: ul.dropdown-menu.dropdown-menu-right li:last-of-type a
2023-01-18 22:27:38 INFO  WebdriverEvents:98 - clicking on[[EdgeDriver: msedge on WINDOWS (8ecbd9f52cda99ed9febcd18153f0eb7)] -> css selector: ul.dropdown-menu.dropdown-menu-right li:last-of-type a]
2023-01-18 22:27:39 INFO  WebdriverEvents:104 - clicked on[[EdgeDriver: msedge on WINDOWS (8ecbd9f52cda99ed9febcd18153f0eb7)] -> css selector: ul.dropdown-menu.dropdown-menu-right li:last-of-type a]
2023-01-18 22:27:39 INFO  WebdriverEvents:86 - Finding elementBy.cssSelector: form div.form-group:first-of-type input
2023-01-18 22:27:39 INFO  WebdriverEvents:92 - Elelement FoundBy.cssSelector: form div.form-group:first-of-type input
2023-01-18 22:27:39 INFO  WebdriverEvents:86 - Finding elementBy.cssSelector: form div.form-group:last-of-type input
2023-01-18 22:27:39 INFO  WebdriverEvents:92 - Elelement FoundBy.cssSelector: form div.form-group:last-of-type input
2023-01-18 22:27:39 INFO  WebdriverEvents:86 - Finding elementBy.cssSelector: input[type='submit']
2023-01-18 22:27:39 INFO  WebdriverEvents:92 - Elelement FoundBy.cssSelector: input[type='submit']
2023-01-18 22:27:40 INFO  WebdriverEvents:86 - Finding elementBy.cssSelector: ul.list-inline>li:nth-of-type(3) span
2023-01-18 22:27:40 INFO  WebdriverEvents:92 - Elelement FoundBy.cssSelector: ul.list-inline>li:nth-of-type(3) span
2023-01-18 22:27:40 INFO  WebdriverEvents:98 - clicking on[[EdgeDriver: msedge on WINDOWS (8ecbd9f52cda99ed9febcd18153f0eb7)] -> css selector: ul.list-inline>li:nth-of-type(3) span]
2023-01-18 22:27:41 INFO  WebdriverEvents:104 - clicked on[[EdgeDriver: msedge on WINDOWS (8ecbd9f52cda99ed9febcd18153f0eb7)] -> css selector: ul.list-inline>li:nth-of-type(3) span]
2023-01-18 22:27:41 INFO  CustomListener:19 - Test execution has started for : verifyProductName
2023-01-18 22:27:41 INFO  WebdriverEvents:86 - Finding elementBy.cssSelector: table.table.table-bordered.table-hover thead tr td
2023-01-18 22:27:41 INFO  WebdriverEvents:92 - Elelement FoundBy.cssSelector: table.table.table-bordered.table-hover thead tr td
2023-01-18 22:27:41 INFO  WebdriverEvents:161 - getting text from [[EdgeDriver: msedge on WINDOWS (8ecbd9f52cda99ed9febcd18153f0eb7)] -> css selector: table.table.table-bordered.table-hover thead tr td]
2023-01-18 22:27:41 INFO  WebdriverEvents:167 - Got text from [[EdgeDriver: msedge on WINDOWS (8ecbd9f52cda99ed9febcd18153f0eb7)] -> css selector: table.table.table-bordered.table-hover thead tr td]
2023-01-18 22:27:41 INFO  WebdriverEvents:161 - getting text from [[EdgeDriver: msedge on WINDOWS (8ecbd9f52cda99ed9febcd18153f0eb7)] -> css selector: table.table.table-bordered.table-hover thead tr td]
2023-01-18 22:27:41 INFO  WebdriverEvents:167 - Got text from [[EdgeDriver: msedge on WINDOWS (8ecbd9f52cda99ed9febcd18153f0eb7)] -> css selector: table.table.table-bordered.table-hover thead tr td]
2023-01-18 22:27:41 INFO  WebdriverEvents:86 - Finding elementBy.cssSelector: table.table.table-bordered.table-hover tbody tr
2023-01-18 22:27:41 INFO  WebdriverEvents:92 - Elelement FoundBy.cssSelector: table.table.table-bordered.table-hover tbody tr
2023-01-18 22:27:41 INFO  WebdriverEvents:86 - Finding elementBy.cssSelector: td
2023-01-18 22:27:41 INFO  WebdriverEvents:92 - Elelement FoundBy.cssSelector: td
2023-01-18 22:27:41 INFO  WebdriverEvents:161 - getting text from [[[[EdgeDriver: msedge on WINDOWS (8ecbd9f52cda99ed9febcd18153f0eb7)] -> css selector: table.table.table-bordered.table-hover tbody tr]] -> css selector: td]
2023-01-18 22:27:41 INFO  WebdriverEvents:167 - Got text from [[[[EdgeDriver: msedge on WINDOWS (8ecbd9f52cda99ed9febcd18153f0eb7)] -> css selector: table.table.table-bordered.table-hover tbody tr]] -> css selector: td]
2023-01-18 22:27:41 INFO  WebdriverEvents:161 - getting text from [[[[EdgeDriver: msedge on WINDOWS (8ecbd9f52cda99ed9febcd18153f0eb7)] -> css selector: table.table.table-bordered.table-hover tbody tr]] -> css selector: td]
2023-01-18 22:27:41 INFO  WebdriverEvents:167 - Got text from [[[[EdgeDriver: msedge on WINDOWS (8ecbd9f52cda99ed9febcd18153f0eb7)] -> css selector: table.table.table-bordered.table-hover tbody tr]] -> css selector: td]
2023-01-18 22:27:41 INFO  WebdriverEvents:86 - Finding elementBy.cssSelector: table.table.table-bordered.table-hover thead tr td
2023-01-18 22:27:41 INFO  WebdriverEvents:92 - Elelement FoundBy.cssSelector: table.table.table-bordered.table-hover thead tr td
2023-01-18 22:27:41 INFO  WebdriverEvents:161 - getting text from [[EdgeDriver: msedge on WINDOWS (8ecbd9f52cda99ed9febcd18153f0eb7)] -> css selector: table.table.table-bordered.table-hover thead tr td]
2023-01-18 22:27:41 INFO  WebdriverEvents:167 - Got text from [[EdgeDriver: msedge on WINDOWS (8ecbd9f52cda99ed9febcd18153f0eb7)] -> css selector: table.table.table-bordered.table-hover thead tr td]
2023-01-18 22:27:41 INFO  WebdriverEvents:161 - getting text from [[EdgeDriver: msedge on WINDOWS (8ecbd9f52cda99ed9febcd18153f0eb7)] -> css selector: table.table.table-bordered.table-hover thead tr td]
2023-01-18 22:27:41 INFO  WebdriverEvents:167 - Got text from [[EdgeDriver: msedge on WINDOWS (8ecbd9f52cda99ed9febcd18153f0eb7)] -> css selector: table.table.table-bordered.table-hover thead tr td]
2023-01-18 22:27:41 INFO  WebdriverEvents:86 - Finding elementBy.cssSelector: table.table.table-bordered.table-hover tbody tr
2023-01-18 22:27:41 INFO  WebdriverEvents:92 - Elelement FoundBy.cssSelector: table.table.table-bordered.table-hover tbody tr
2023-01-18 22:27:41 INFO  WebdriverEvents:86 - Finding elementBy.cssSelector: td
2023-01-18 22:27:41 INFO  WebdriverEvents:92 - Elelement FoundBy.cssSelector: td
2023-01-18 22:27:41 INFO  WebdriverEvents:161 - getting text from [[[[EdgeDriver: msedge on WINDOWS (8ecbd9f52cda99ed9febcd18153f0eb7)] -> css selector: table.table.table-bordered.table-hover tbody tr]] -> css selector: td]
2023-01-18 22:27:41 INFO  WebdriverEvents:167 - Got text from [[[[EdgeDriver: msedge on WINDOWS (8ecbd9f52cda99ed9febcd18153f0eb7)] -> css selector: table.table.table-bordered.table-hover tbody tr]] -> css selector: td]
2023-01-18 22:27:41 INFO  RetryFailedTests:20 - Running a failed test 2 times
2023-01-18 22:27:41 INFO  CustomListener:36 - Test execution has skipped for : verifyProductName
2023-01-18 22:27:44 INFO  WebdriverEvents:41 - Navigating tohttps://naveenautomationlabs.com/opencart/index.php?route=common/home
2023-01-18 22:27:46 INFO  WebdriverEvents:47 - Navigated tohttps://naveenautomationlabs.com/opencart/index.php?route=common/home
2023-01-18 22:27:46 INFO  WebdriverEvents:86 - Finding elementBy.xpath: //span[text()='My Account']
2023-01-18 22:27:46 INFO  WebdriverEvents:92 - Elelement FoundBy.xpath: //span[text()='My Account']
2023-01-18 22:27:46 INFO  WebdriverEvents:98 - clicking on[[EdgeDriver: msedge on WINDOWS (d1a9b726939020c3d5576420ca1177ea)] -> xpath: //span[text()='My Account']]
2023-01-18 22:27:46 INFO  WebdriverEvents:104 - clicked on[[EdgeDriver: msedge on WINDOWS (d1a9b726939020c3d5576420ca1177ea)] -> xpath: //span[text()='My Account']]
2023-01-18 22:27:46 INFO  WebdriverEvents:86 - Finding elementBy.cssSelector: ul.dropdown-menu.dropdown-menu-right li:last-of-type a
2023-01-18 22:27:46 INFO  WebdriverEvents:92 - Elelement FoundBy.cssSelector: ul.dropdown-menu.dropdown-menu-right li:last-of-type a
2023-01-18 22:27:46 INFO  WebdriverEvents:98 - clicking on[[EdgeDriver: msedge on WINDOWS (d1a9b726939020c3d5576420ca1177ea)] -> css selector: ul.dropdown-menu.dropdown-menu-right li:last-of-type a]
2023-01-18 22:27:47 INFO  WebdriverEvents:104 - clicked on[[EdgeDriver: msedge on WINDOWS (d1a9b726939020c3d5576420ca1177ea)] -> css selector: ul.dropdown-menu.dropdown-menu-right li:last-of-type a]
2023-01-18 22:27:47 INFO  WebdriverEvents:86 - Finding elementBy.cssSelector: form div.form-group:first-of-type input
2023-01-18 22:27:47 INFO  WebdriverEvents:92 - Elelement FoundBy.cssSelector: form div.form-group:first-of-type input
2023-01-18 22:27:47 INFO  WebdriverEvents:86 - Finding elementBy.cssSelector: form div.form-group:last-of-type input
2023-01-18 22:27:47 INFO  WebdriverEvents:92 - Elelement FoundBy.cssSelector: form div.form-group:last-of-type input
2023-01-18 22:27:47 INFO  WebdriverEvents:86 - Finding elementBy.cssSelector: input[type='submit']
2023-01-18 22:27:47 INFO  WebdriverEvents:92 - Elelement FoundBy.cssSelector: input[type='submit']
2023-01-18 22:27:47 INFO  WebdriverEvents:86 - Finding elementBy.cssSelector: ul.list-inline>li:nth-of-type(3) span
2023-01-18 22:27:48 INFO  WebdriverEvents:92 - Elelement FoundBy.cssSelector: ul.list-inline>li:nth-of-type(3) span
2023-01-18 22:27:48 INFO  WebdriverEvents:98 - clicking on[[EdgeDriver: msedge on WINDOWS (d1a9b726939020c3d5576420ca1177ea)] -> css selector: ul.list-inline>li:nth-of-type(3) span]
2023-01-18 22:27:48 INFO  WebdriverEvents:104 - clicked on[[EdgeDriver: msedge on WINDOWS (d1a9b726939020c3d5576420ca1177ea)] -> css selector: ul.list-inline>li:nth-of-type(3) span]
2023-01-18 22:27:48 INFO  CustomListener:19 - Test execution has started for : verifyProductName
2023-01-18 22:27:48 INFO  WebdriverEvents:86 - Finding elementBy.cssSelector: table.table.table-bordered.table-hover thead tr td
2023-01-18 22:27:48 INFO  WebdriverEvents:92 - Elelement FoundBy.cssSelector: table.table.table-bordered.table-hover thead tr td
2023-01-18 22:27:48 INFO  WebdriverEvents:161 - getting text from [[EdgeDriver: msedge on WINDOWS (d1a9b726939020c3d5576420ca1177ea)] -> css selector: table.table.table-bordered.table-hover thead tr td]
2023-01-18 22:27:48 INFO  WebdriverEvents:167 - Got text from [[EdgeDriver: msedge on WINDOWS (d1a9b726939020c3d5576420ca1177ea)] -> css selector: table.table.table-bordered.table-hover thead tr td]
2023-01-18 22:27:48 INFO  WebdriverEvents:161 - getting text from [[EdgeDriver: msedge on WINDOWS (d1a9b726939020c3d5576420ca1177ea)] -> css selector: table.table.table-bordered.table-hover thead tr td]
2023-01-18 22:27:48 INFO  WebdriverEvents:167 - Got text from [[EdgeDriver: msedge on WINDOWS (d1a9b726939020c3d5576420ca1177ea)] -> css selector: table.table.table-bordered.table-hover thead tr td]
2023-01-18 22:27:48 INFO  WebdriverEvents:86 - Finding elementBy.cssSelector: table.table.table-bordered.table-hover tbody tr
2023-01-18 22:27:48 INFO  WebdriverEvents:92 - Elelement FoundBy.cssSelector: table.table.table-bordered.table-hover tbody tr
2023-01-18 22:27:48 INFO  WebdriverEvents:86 - Finding elementBy.cssSelector: td
2023-01-18 22:27:48 INFO  WebdriverEvents:92 - Elelement FoundBy.cssSelector: td
2023-01-18 22:27:48 INFO  WebdriverEvents:161 - getting text from [[[[EdgeDriver: msedge on WINDOWS (d1a9b726939020c3d5576420ca1177ea)] -> css selector: table.table.table-bordered.table-hover tbody tr]] -> css selector: td]
2023-01-18 22:27:48 INFO  WebdriverEvents:167 - Got text from [[[[EdgeDriver: msedge on WINDOWS (d1a9b726939020c3d5576420ca1177ea)] -> css selector: table.table.table-bordered.table-hover tbody tr]] -> css selector: td]
2023-01-18 22:27:48 INFO  WebdriverEvents:161 - getting text from [[[[EdgeDriver: msedge on WINDOWS (d1a9b726939020c3d5576420ca1177ea)] -> css selector: table.table.table-bordered.table-hover tbody tr]] -> css selector: td]
2023-01-18 22:27:48 INFO  WebdriverEvents:167 - Got text from [[[[EdgeDriver: msedge on WINDOWS (d1a9b726939020c3d5576420ca1177ea)] -> css selector: table.table.table-bordered.table-hover tbody tr]] -> css selector: td]
2023-01-18 22:27:48 INFO  WebdriverEvents:86 - Finding elementBy.cssSelector: table.table.table-bordered.table-hover thead tr td
2023-01-18 22:27:48 INFO  WebdriverEvents:92 - Elelement FoundBy.cssSelector: table.table.table-bordered.table-hover thead tr td
2023-01-18 22:27:48 INFO  WebdriverEvents:161 - getting text from [[EdgeDriver: msedge on WINDOWS (d1a9b726939020c3d5576420ca1177ea)] -> css selector: table.table.table-bordered.table-hover thead tr td]
2023-01-18 22:27:48 INFO  WebdriverEvents:167 - Got text from [[EdgeDriver: msedge on WINDOWS (d1a9b726939020c3d5576420ca1177ea)] -> css selector: table.table.table-bordered.table-hover thead tr td]
2023-01-18 22:27:48 INFO  WebdriverEvents:161 - getting text from [[EdgeDriver: msedge on WINDOWS (d1a9b726939020c3d5576420ca1177ea)] -> css selector: table.table.table-bordered.table-hover thead tr td]
2023-01-18 22:27:48 INFO  WebdriverEvents:167 - Got text from [[EdgeDriver: msedge on WINDOWS (d1a9b726939020c3d5576420ca1177ea)] -> css selector: table.table.table-bordered.table-hover thead tr td]
2023-01-18 22:27:48 INFO  WebdriverEvents:86 - Finding elementBy.cssSelector: table.table.table-bordered.table-hover tbody tr
2023-01-18 22:27:48 INFO  WebdriverEvents:92 - Elelement FoundBy.cssSelector: table.table.table-bordered.table-hover tbody tr
2023-01-18 22:27:48 INFO  WebdriverEvents:86 - Finding elementBy.cssSelector: td
2023-01-18 22:27:48 INFO  WebdriverEvents:92 - Elelement FoundBy.cssSelector: td
2023-01-18 22:27:48 INFO  WebdriverEvents:161 - getting text from [[[[EdgeDriver: msedge on WINDOWS (d1a9b726939020c3d5576420ca1177ea)] -> css selector: table.table.table-bordered.table-hover tbody tr]] -> css selector: td]
2023-01-18 22:27:48 INFO  WebdriverEvents:167 - Got text from [[[[EdgeDriver: msedge on WINDOWS (d1a9b726939020c3d5576420ca1177ea)] -> css selector: table.table.table-bordered.table-hover tbody tr]] -> css selector: td]
2023-01-18 22:27:48 ERROR CustomListener:30 - Test execution failed and taking screen shot: verifyProductName
2023-01-18 22:27:51 INFO  WebdriverEvents:41 - Navigating tohttps://naveenautomationlabs.com/opencart/index.php?route=common/home
2023-01-18 22:27:55 INFO  WebdriverEvents:47 - Navigated tohttps://naveenautomationlabs.com/opencart/index.php?route=common/home
2023-01-18 22:27:55 INFO  WebdriverEvents:86 - Finding elementBy.xpath: //span[text()='My Account']
2023-01-18 22:27:55 INFO  WebdriverEvents:92 - Elelement FoundBy.xpath: //span[text()='My Account']
2023-01-18 22:27:55 INFO  WebdriverEvents:98 - clicking on[[EdgeDriver: msedge on WINDOWS (1df71499e871094adca413395f63406c)] -> xpath: //span[text()='My Account']]
2023-01-18 22:27:55 INFO  WebdriverEvents:104 - clicked on[[EdgeDriver: msedge on WINDOWS (1df71499e871094adca413395f63406c)] -> xpath: //span[text()='My Account']]
2023-01-18 22:27:55 INFO  WebdriverEvents:86 - Finding elementBy.cssSelector: ul.dropdown-menu.dropdown-menu-right li:last-of-type a
2023-01-18 22:27:55 INFO  WebdriverEvents:92 - Elelement FoundBy.cssSelector: ul.dropdown-menu.dropdown-menu-right li:last-of-type a
2023-01-18 22:27:55 INFO  WebdriverEvents:98 - clicking on[[EdgeDriver: msedge on WINDOWS (1df71499e871094adca413395f63406c)] -> css selector: ul.dropdown-menu.dropdown-menu-right li:last-of-type a]
2023-01-18 22:27:55 INFO  WebdriverEvents:104 - clicked on[[EdgeDriver: msedge on WINDOWS (1df71499e871094adca413395f63406c)] -> css selector: ul.dropdown-menu.dropdown-menu-right li:last-of-type a]
2023-01-18 22:27:55 INFO  WebdriverEvents:86 - Finding elementBy.cssSelector: form div.form-group:first-of-type input
2023-01-18 22:27:55 INFO  WebdriverEvents:92 - Elelement FoundBy.cssSelector: form div.form-group:first-of-type input
2023-01-18 22:27:56 INFO  WebdriverEvents:86 - Finding elementBy.cssSelector: form div.form-group:last-of-type input
2023-01-18 22:27:56 INFO  WebdriverEvents:92 - Elelement FoundBy.cssSelector: form div.form-group:last-of-type input
2023-01-18 22:27:56 INFO  WebdriverEvents:86 - Finding elementBy.cssSelector: input[type='submit']
2023-01-18 22:27:56 INFO  WebdriverEvents:92 - Elelement FoundBy.cssSelector: input[type='submit']
2023-01-18 22:27:57 INFO  WebdriverEvents:86 - Finding elementBy.cssSelector: ul.list-inline>li:nth-of-type(3) span
2023-01-18 22:27:57 INFO  WebdriverEvents:92 - Elelement FoundBy.cssSelector: ul.list-inline>li:nth-of-type(3) span
2023-01-18 22:27:57 INFO  WebdriverEvents:98 - clicking on[[EdgeDriver: msedge on WINDOWS (1df71499e871094adca413395f63406c)] -> css selector: ul.list-inline>li:nth-of-type(3) span]
2023-01-18 22:27:58 INFO  WebdriverEvents:104 - clicked on[[EdgeDriver: msedge on WINDOWS (1df71499e871094adca413395f63406c)] -> css selector: ul.list-inline>li:nth-of-type(3) span]
2023-01-18 22:27:58 INFO  CustomListener:19 - Test execution has started for : verifyProductPrice
2023-01-18 22:27:58 INFO  WebdriverEvents:86 - Finding elementBy.cssSelector: table.table.table-bordered.table-hover thead tr td
2023-01-18 22:27:58 INFO  WebdriverEvents:92 - Elelement FoundBy.cssSelector: table.table.table-bordered.table-hover thead tr td
2023-01-18 22:27:58 INFO  WebdriverEvents:161 - getting text from [[EdgeDriver: msedge on WINDOWS (1df71499e871094adca413395f63406c)] -> css selector: table.table.table-bordered.table-hover thead tr td]
2023-01-18 22:27:58 INFO  WebdriverEvents:167 - Got text from [[EdgeDriver: msedge on WINDOWS (1df71499e871094adca413395f63406c)] -> css selector: table.table.table-bordered.table-hover thead tr td]
2023-01-18 22:27:58 INFO  WebdriverEvents:161 - getting text from [[EdgeDriver: msedge on WINDOWS (1df71499e871094adca413395f63406c)] -> css selector: table.table.table-bordered.table-hover thead tr td]
2023-01-18 22:27:58 INFO  WebdriverEvents:167 - Got text from [[EdgeDriver: msedge on WINDOWS (1df71499e871094adca413395f63406c)] -> css selector: table.table.table-bordered.table-hover thead tr td]
2023-01-18 22:27:58 INFO  WebdriverEvents:161 - getting text from [[EdgeDriver: msedge on WINDOWS (1df71499e871094adca413395f63406c)] -> css selector: table.table.table-bordered.table-hover thead tr td]
2023-01-18 22:27:58 INFO  WebdriverEvents:167 - Got text from [[EdgeDriver: msedge on WINDOWS (1df71499e871094adca413395f63406c)] -> css selector: table.table.table-bordered.table-hover thead tr td]
2023-01-18 22:27:58 INFO  WebdriverEvents:161 - getting text from [[EdgeDriver: msedge on WINDOWS (1df71499e871094adca413395f63406c)] -> css selector: table.table.table-bordered.table-hover thead tr td]
2023-01-18 22:27:58 INFO  WebdriverEvents:167 - Got text from [[EdgeDriver: msedge on WINDOWS (1df71499e871094adca413395f63406c)] -> css selector: table.table.table-bordered.table-hover thead tr td]
2023-01-18 22:27:58 INFO  WebdriverEvents:161 - getting text from [[EdgeDriver: msedge on WINDOWS (1df71499e871094adca413395f63406c)] -> css selector: table.table.table-bordered.table-hover thead tr td]
2023-01-18 22:27:58 INFO  WebdriverEvents:167 - Got text from [[EdgeDriver: msedge on WINDOWS (1df71499e871094adca413395f63406c)] -> css selector: table.table.table-bordered.table-hover thead tr td]
2023-01-18 22:27:58 INFO  WebdriverEvents:86 - Finding elementBy.cssSelector: table.table.table-bordered.table-hover tbody tr
2023-01-18 22:27:58 INFO  WebdriverEvents:92 - Elelement FoundBy.cssSelector: table.table.table-bordered.table-hover tbody tr
2023-01-18 22:27:58 INFO  WebdriverEvents:86 - Finding elementBy.cssSelector: td
2023-01-18 22:27:58 INFO  WebdriverEvents:92 - Elelement FoundBy.cssSelector: td
2023-01-18 22:27:58 INFO  WebdriverEvents:161 - getting text from [[[[EdgeDriver: msedge on WINDOWS (1df71499e871094adca413395f63406c)] -> css selector: table.table.table-bordered.table-hover tbody tr]] -> css selector: td]
2023-01-18 22:27:58 INFO  WebdriverEvents:167 - Got text from [[[[EdgeDriver: msedge on WINDOWS (1df71499e871094adca413395f63406c)] -> css selector: table.table.table-bordered.table-hover tbody tr]] -> css selector: td]
2023-01-18 22:27:58 INFO  WebdriverEvents:161 - getting text from [[[[EdgeDriver: msedge on WINDOWS (1df71499e871094adca413395f63406c)] -> css selector: table.table.table-bordered.table-hover tbody tr]] -> css selector: td]
2023-01-18 22:27:58 INFO  WebdriverEvents:167 - Got text from [[[[EdgeDriver: msedge on WINDOWS (1df71499e871094adca413395f63406c)] -> css selector: table.table.table-bordered.table-hover tbody tr]] -> css selector: td]
2023-01-18 22:27:58 INFO  WebdriverEvents:86 - Finding elementBy.cssSelector: table.table.table-bordered.table-hover thead tr td
2023-01-18 22:27:58 INFO  WebdriverEvents:92 - Elelement FoundBy.cssSelector: table.table.table-bordered.table-hover thead tr td
2023-01-18 22:27:58 INFO  WebdriverEvents:161 - getting text from [[EdgeDriver: msedge on WINDOWS (1df71499e871094adca413395f63406c)] -> css selector: table.table.table-bordered.table-hover thead tr td]
2023-01-18 22:27:58 INFO  WebdriverEvents:167 - Got text from [[EdgeDriver: msedge on WINDOWS (1df71499e871094adca413395f63406c)] -> css selector: table.table.table-bordered.table-hover thead tr td]
2023-01-18 22:27:58 INFO  WebdriverEvents:161 - getting text from [[EdgeDriver: msedge on WINDOWS (1df71499e871094adca413395f63406c)] -> css selector: table.table.table-bordered.table-hover thead tr td]
2023-01-18 22:27:58 INFO  WebdriverEvents:167 - Got text from [[EdgeDriver: msedge on WINDOWS (1df71499e871094adca413395f63406c)] -> css selector: table.table.table-bordered.table-hover thead tr td]
2023-01-18 22:27:58 INFO  WebdriverEvents:161 - getting text from [[EdgeDriver: msedge on WINDOWS (1df71499e871094adca413395f63406c)] -> css selector: table.table.table-bordered.table-hover thead tr td]
2023-01-18 22:27:58 INFO  WebdriverEvents:167 - Got text from [[EdgeDriver: msedge on WINDOWS (1df71499e871094adca413395f63406c)] -> css selector: table.table.table-bordered.table-hover thead tr td]
2023-01-18 22:27:58 INFO  WebdriverEvents:161 - getting text from [[EdgeDriver: msedge on WINDOWS (1df71499e871094adca413395f63406c)] -> css selector: table.table.table-bordered.table-hover thead tr td]
2023-01-18 22:27:58 INFO  WebdriverEvents:167 - Got text from [[EdgeDriver: msedge on WINDOWS (1df71499e871094adca413395f63406c)] -> css selector: table.table.table-bordered.table-hover thead tr td]
2023-01-18 22:27:58 INFO  WebdriverEvents:161 - getting text from [[EdgeDriver: msedge on WINDOWS (1df71499e871094adca413395f63406c)] -> css selector: table.table.table-bordered.table-hover thead tr td]
2023-01-18 22:27:58 INFO  WebdriverEvents:167 - Got text from [[EdgeDriver: msedge on WINDOWS (1df71499e871094adca413395f63406c)] -> css selector: table.table.table-bordered.table-hover thead tr td]
2023-01-18 22:27:58 INFO  WebdriverEvents:86 - Finding elementBy.cssSelector: table.table.table-bordered.table-hover tbody tr
2023-01-18 22:27:58 INFO  WebdriverEvents:92 - Elelement FoundBy.cssSelector: table.table.table-bordered.table-hover tbody tr
2023-01-18 22:27:58 INFO  WebdriverEvents:86 - Finding elementBy.cssSelector: td
2023-01-18 22:27:58 INFO  WebdriverEvents:92 - Elelement FoundBy.cssSelector: td
2023-01-18 22:27:58 INFO  WebdriverEvents:161 - getting text from [[[[EdgeDriver: msedge on WINDOWS (1df71499e871094adca413395f63406c)] -> css selector: table.table.table-bordered.table-hover tbody tr]] -> css selector: td]
2023-01-18 22:27:58 INFO  WebdriverEvents:167 - Got text from [[[[EdgeDriver: msedge on WINDOWS (1df71499e871094adca413395f63406c)] -> css selector: table.table.table-bordered.table-hover tbody tr]] -> css selector: td]
2023-01-18 22:27:58 INFO  RetryFailedTests:20 - Running a failed test 1 times
2023-01-18 22:27:58 INFO  CustomListener:36 - Test execution has skipped for : verifyProductPrice
2023-01-18 22:28:01 INFO  WebdriverEvents:41 - Navigating tohttps://naveenautomationlabs.com/opencart/index.php?route=common/home
2023-01-18 22:28:04 INFO  WebdriverEvents:47 - Navigated tohttps://naveenautomationlabs.com/opencart/index.php?route=common/home
2023-01-18 22:28:04 INFO  WebdriverEvents:86 - Finding elementBy.xpath: //span[text()='My Account']
2023-01-18 22:28:04 INFO  WebdriverEvents:92 - Elelement FoundBy.xpath: //span[text()='My Account']
2023-01-18 22:28:04 INFO  WebdriverEvents:98 - clicking on[[EdgeDriver: msedge on WINDOWS (39da3316129375bf9e8e9134f0d991d8)] -> xpath: //span[text()='My Account']]
2023-01-18 22:28:04 INFO  WebdriverEvents:104 - clicked on[[EdgeDriver: msedge on WINDOWS (39da3316129375bf9e8e9134f0d991d8)] -> xpath: //span[text()='My Account']]
2023-01-18 22:28:04 INFO  WebdriverEvents:86 - Finding elementBy.cssSelector: ul.dropdown-menu.dropdown-menu-right li:last-of-type a
2023-01-18 22:28:04 INFO  WebdriverEvents:92 - Elelement FoundBy.cssSelector: ul.dropdown-menu.dropdown-menu-right li:last-of-type a
2023-01-18 22:28:04 INFO  WebdriverEvents:98 - clicking on[[EdgeDriver: msedge on WINDOWS (39da3316129375bf9e8e9134f0d991d8)] -> css selector: ul.dropdown-menu.dropdown-menu-right li:last-of-type a]
2023-01-18 22:28:05 INFO  WebdriverEvents:104 - clicked on[[EdgeDriver: msedge on WINDOWS (39da3316129375bf9e8e9134f0d991d8)] -> css selector: ul.dropdown-menu.dropdown-menu-right li:last-of-type a]
2023-01-18 22:28:05 INFO  WebdriverEvents:86 - Finding elementBy.cssSelector: form div.form-group:first-of-type input
2023-01-18 22:28:05 INFO  WebdriverEvents:92 - Elelement FoundBy.cssSelector: form div.form-group:first-of-type input
2023-01-18 22:28:05 INFO  WebdriverEvents:86 - Finding elementBy.cssSelector: form div.form-group:last-of-type input
2023-01-18 22:28:05 INFO  WebdriverEvents:92 - Elelement FoundBy.cssSelector: form div.form-group:last-of-type input
2023-01-18 22:28:05 INFO  WebdriverEvents:86 - Finding elementBy.cssSelector: input[type='submit']
2023-01-18 22:28:05 INFO  WebdriverEvents:92 - Elelement FoundBy.cssSelector: input[type='submit']
2023-01-18 22:28:06 INFO  WebdriverEvents:86 - Finding elementBy.cssSelector: ul.list-inline>li:nth-of-type(3) span
2023-01-18 22:28:06 INFO  WebdriverEvents:92 - Elelement FoundBy.cssSelector: ul.list-inline>li:nth-of-type(3) span
2023-01-18 22:28:06 INFO  WebdriverEvents:98 - clicking on[[EdgeDriver: msedge on WINDOWS (39da3316129375bf9e8e9134f0d991d8)] -> css selector: ul.list-inline>li:nth-of-type(3) span]
2023-01-18 22:28:06 INFO  WebdriverEvents:104 - clicked on[[EdgeDriver: msedge on WINDOWS (39da3316129375bf9e8e9134f0d991d8)] -> css selector: ul.list-inline>li:nth-of-type(3) span]
2023-01-18 22:28:06 INFO  CustomListener:19 - Test execution has started for : verifyProductPrice
2023-01-18 22:28:06 INFO  WebdriverEvents:86 - Finding elementBy.cssSelector: table.table.table-bordered.table-hover thead tr td
2023-01-18 22:28:06 INFO  WebdriverEvents:92 - Elelement FoundBy.cssSelector: table.table.table-bordered.table-hover thead tr td
2023-01-18 22:28:06 INFO  WebdriverEvents:161 - getting text from [[EdgeDriver: msedge on WINDOWS (39da3316129375bf9e8e9134f0d991d8)] -> css selector: table.table.table-bordered.table-hover thead tr td]
2023-01-18 22:28:06 INFO  WebdriverEvents:167 - Got text from [[EdgeDriver: msedge on WINDOWS (39da3316129375bf9e8e9134f0d991d8)] -> css selector: table.table.table-bordered.table-hover thead tr td]
2023-01-18 22:28:06 INFO  WebdriverEvents:161 - getting text from [[EdgeDriver: msedge on WINDOWS (39da3316129375bf9e8e9134f0d991d8)] -> css selector: table.table.table-bordered.table-hover thead tr td]
2023-01-18 22:28:06 INFO  WebdriverEvents:167 - Got text from [[EdgeDriver: msedge on WINDOWS (39da3316129375bf9e8e9134f0d991d8)] -> css selector: table.table.table-bordered.table-hover thead tr td]
2023-01-18 22:28:06 INFO  WebdriverEvents:161 - getting text from [[EdgeDriver: msedge on WINDOWS (39da3316129375bf9e8e9134f0d991d8)] -> css selector: table.table.table-bordered.table-hover thead tr td]
2023-01-18 22:28:06 INFO  WebdriverEvents:167 - Got text from [[EdgeDriver: msedge on WINDOWS (39da3316129375bf9e8e9134f0d991d8)] -> css selector: table.table.table-bordered.table-hover thead tr td]
2023-01-18 22:28:06 INFO  WebdriverEvents:161 - getting text from [[EdgeDriver: msedge on WINDOWS (39da3316129375bf9e8e9134f0d991d8)] -> css selector: table.table.table-bordered.table-hover thead tr td]
2023-01-18 22:28:06 INFO  WebdriverEvents:167 - Got text from [[EdgeDriver: msedge on WINDOWS (39da3316129375bf9e8e9134f0d991d8)] -> css selector: table.table.table-bordered.table-hover thead tr td]
2023-01-18 22:28:06 INFO  WebdriverEvents:161 - getting text from [[EdgeDriver: msedge on WINDOWS (39da3316129375bf9e8e9134f0d991d8)] -> css selector: table.table.table-bordered.table-hover thead tr td]
2023-01-18 22:28:06 INFO  WebdriverEvents:167 - Got text from [[EdgeDriver: msedge on WINDOWS (39da3316129375bf9e8e9134f0d991d8)] -> css selector: table.table.table-bordered.table-hover thead tr td]
2023-01-18 22:28:06 INFO  WebdriverEvents:86 - Finding elementBy.cssSelector: table.table.table-bordered.table-hover tbody tr
2023-01-18 22:28:06 INFO  WebdriverEvents:92 - Elelement FoundBy.cssSelector: table.table.table-bordered.table-hover tbody tr
2023-01-18 22:28:06 INFO  WebdriverEvents:86 - Finding elementBy.cssSelector: td
2023-01-18 22:28:06 INFO  WebdriverEvents:92 - Elelement FoundBy.cssSelector: td
2023-01-18 22:28:06 INFO  WebdriverEvents:161 - getting text from [[[[EdgeDriver: msedge on WINDOWS (39da3316129375bf9e8e9134f0d991d8)] -> css selector: table.table.table-bordered.table-hover tbody tr]] -> css selector: td]
2023-01-18 22:28:06 INFO  WebdriverEvents:167 - Got text from [[[[EdgeDriver: msedge on WINDOWS (39da3316129375bf9e8e9134f0d991d8)] -> css selector: table.table.table-bordered.table-hover tbody tr]] -> css selector: td]
2023-01-18 22:28:06 INFO  WebdriverEvents:161 - getting text from [[[[EdgeDriver: msedge on WINDOWS (39da3316129375bf9e8e9134f0d991d8)] -> css selector: table.table.table-bordered.table-hover tbody tr]] -> css selector: td]
2023-01-18 22:28:06 INFO  WebdriverEvents:167 - Got text from [[[[EdgeDriver: msedge on WINDOWS (39da3316129375bf9e8e9134f0d991d8)] -> css selector: table.table.table-bordered.table-hover tbody tr]] -> css selector: td]
2023-01-18 22:28:06 INFO  WebdriverEvents:86 - Finding elementBy.cssSelector: table.table.table-bordered.table-hover thead tr td
2023-01-18 22:28:06 INFO  WebdriverEvents:92 - Elelement FoundBy.cssSelector: table.table.table-bordered.table-hover thead tr td
2023-01-18 22:28:06 INFO  WebdriverEvents:161 - getting text from [[EdgeDriver: msedge on WINDOWS (39da3316129375bf9e8e9134f0d991d8)] -> css selector: table.table.table-bordered.table-hover thead tr td]
2023-01-18 22:28:06 INFO  WebdriverEvents:167 - Got text from [[EdgeDriver: msedge on WINDOWS (39da3316129375bf9e8e9134f0d991d8)] -> css selector: table.table.table-bordered.table-hover thead tr td]
2023-01-18 22:28:06 INFO  WebdriverEvents:161 - getting text from [[EdgeDriver: msedge on WINDOWS (39da3316129375bf9e8e9134f0d991d8)] -> css selector: table.table.table-bordered.table-hover thead tr td]
2023-01-18 22:28:06 INFO  WebdriverEvents:167 - Got text from [[EdgeDriver: msedge on WINDOWS (39da3316129375bf9e8e9134f0d991d8)] -> css selector: table.table.table-bordered.table-hover thead tr td]
2023-01-18 22:28:06 INFO  WebdriverEvents:161 - getting text from [[EdgeDriver: msedge on WINDOWS (39da3316129375bf9e8e9134f0d991d8)] -> css selector: table.table.table-bordered.table-hover thead tr td]
2023-01-18 22:28:06 INFO  WebdriverEvents:167 - Got text from [[EdgeDriver: msedge on WINDOWS (39da3316129375bf9e8e9134f0d991d8)] -> css selector: table.table.table-bordered.table-hover thead tr td]
2023-01-18 22:28:06 INFO  WebdriverEvents:161 - getting text from [[EdgeDriver: msedge on WINDOWS (39da3316129375bf9e8e9134f0d991d8)] -> css selector: table.table.table-bordered.table-hover thead tr td]
2023-01-18 22:28:06 INFO  WebdriverEvents:167 - Got text from [[EdgeDriver: msedge on WINDOWS (39da3316129375bf9e8e9134f0d991d8)] -> css selector: table.table.table-bordered.table-hover thead tr td]
2023-01-18 22:28:06 INFO  WebdriverEvents:161 - getting text from [[EdgeDriver: msedge on WINDOWS (39da3316129375bf9e8e9134f0d991d8)] -> css selector: table.table.table-bordered.table-hover thead tr td]
2023-01-18 22:28:06 INFO  WebdriverEvents:167 - Got text from [[EdgeDriver: msedge on WINDOWS (39da3316129375bf9e8e9134f0d991d8)] -> css selector: table.table.table-bordered.table-hover thead tr td]
2023-01-18 22:28:06 INFO  WebdriverEvents:86 - Finding elementBy.cssSelector: table.table.table-bordered.table-hover tbody tr
2023-01-18 22:28:06 INFO  WebdriverEvents:92 - Elelement FoundBy.cssSelector: table.table.table-bordered.table-hover tbody tr
2023-01-18 22:28:06 INFO  WebdriverEvents:86 - Finding elementBy.cssSelector: td
2023-01-18 22:28:06 INFO  WebdriverEvents:92 - Elelement FoundBy.cssSelector: td
2023-01-18 22:28:06 INFO  WebdriverEvents:161 - getting text from [[[[EdgeDriver: msedge on WINDOWS (39da3316129375bf9e8e9134f0d991d8)] -> css selector: table.table.table-bordered.table-hover tbody tr]] -> css selector: td]
2023-01-18 22:28:07 INFO  WebdriverEvents:167 - Got text from [[[[EdgeDriver: msedge on WINDOWS (39da3316129375bf9e8e9134f0d991d8)] -> css selector: table.table.table-bordered.table-hover tbody tr]] -> css selector: td]
2023-01-18 22:28:07 INFO  RetryFailedTests:20 - Running a failed test 2 times
2023-01-18 22:28:07 INFO  CustomListener:36 - Test execution has skipped for : verifyProductPrice
2023-01-18 22:28:09 INFO  WebdriverEvents:41 - Navigating tohttps://naveenautomationlabs.com/opencart/index.php?route=common/home
2023-01-18 22:28:12 INFO  WebdriverEvents:47 - Navigated tohttps://naveenautomationlabs.com/opencart/index.php?route=common/home
2023-01-18 22:28:12 INFO  WebdriverEvents:86 - Finding elementBy.xpath: //span[text()='My Account']
2023-01-18 22:28:12 INFO  CustomListener:19 - Test execution has started for : verifyProductPrice
2023-01-18 22:28:12 INFO  WebdriverEvents:86 - Finding elementBy.cssSelector: table.table.table-bordered.table-hover thead tr td
2023-01-18 22:28:12 ERROR CustomListener:30 - Test execution failed and taking screen shot: verifyProductPrice
2023-01-18 22:28:12 ERROR CustomListener:30 - Test execution failed and taking screen shot: verifyProductPrice
2023-01-20 14:32:10 INFO  CustomListener:36 - Test execution has skipped for : verifyLoginCredentials
2023-01-20 14:32:15 INFO  CustomListener:19 - Test execution has started for : testSomething
2023-01-20 14:32:15 INFO  CustomListener:36 - Test execution has skipped for : testSomething
2023-01-20 14:32:15 INFO  CustomListener:19 - Test execution has started for : validateLogin
2023-01-20 14:32:15 INFO  CustomListener:36 - Test execution has skipped for : validateLogin
2023-01-20 14:32:15 INFO  CustomListener:19 - Test execution has started for : verifyAlertBannerForNewsletterSubscription
2023-01-20 14:32:15 INFO  CustomListener:36 - Test execution has skipped for : verifyAlertBannerForNewsletterSubscription
2023-01-20 14:32:15 INFO  CustomListener:19 - Test execution has started for : verifyAlertBannerForTelephoneUpdate
2023-01-20 14:32:15 INFO  CustomListener:36 - Test execution has skipped for : verifyAlertBannerForTelephoneUpdate
2023-01-20 14:32:27 INFO  CustomListener:19 - Test execution has started for : validateTitle
2023-01-20 14:32:27 INFO  CustomListener:36 - Test execution has skipped for : validateTitle
2023-01-20 14:32:27 INFO  CustomListener:19 - Test execution has started for : verifyProductName
2023-01-20 14:32:27 INFO  CustomListener:36 - Test execution has skipped for : verifyProductName
2023-01-20 14:32:27 INFO  CustomListener:19 - Test execution has started for : verifyProductPrice
2023-01-20 14:32:27 INFO  CustomListener:36 - Test execution has skipped for : verifyProductPrice
2023-01-20 14:32:27 INFO  CustomListener:19 - Test execution has started for : verifyModifyBannerAfterDelete
2023-01-20 14:32:27 INFO  CustomListener:36 - Test execution has skipped for : verifyModifyBannerAfterDelete
2023-01-20 14:35:03 INFO  CustomListener:36 - Test execution has skipped for : verifyLoginCredentials
2023-01-20 14:35:08 INFO  CustomListener:19 - Test execution has started for : testSomething
2023-01-20 14:35:08 INFO  CustomListener:36 - Test execution has skipped for : testSomething
2023-01-20 14:35:08 INFO  CustomListener:19 - Test execution has started for : validateLogin
2023-01-20 14:35:08 INFO  CustomListener:36 - Test execution has skipped for : validateLogin
2023-01-20 14:35:08 INFO  CustomListener:19 - Test execution has started for : verifyAlertBannerForNewsletterSubscription
2023-01-20 14:35:08 INFO  CustomListener:36 - Test execution has skipped for : verifyAlertBannerForNewsletterSubscription
2023-01-20 14:35:08 INFO  CustomListener:19 - Test execution has started for : verifyAlertBannerForTelephoneUpdate
2023-01-20 14:35:08 INFO  CustomListener:36 - Test execution has skipped for : verifyAlertBannerForTelephoneUpdate
2023-01-20 14:35:16 INFO  CustomListener:19 - Test execution has started for : validateTitle
2023-01-20 14:35:16 INFO  CustomListener:24 - Test execution has passed for : validateTitle
2023-01-20 14:35:23 INFO  CustomListener:19 - Test execution has started for : verifyProductName
2023-01-20 14:35:23 INFO  RetryFailedTests:20 - Running a failed test 1 times
2023-01-20 14:35:23 INFO  CustomListener:36 - Test execution has skipped for : verifyProductName
2023-01-20 14:35:30 INFO  CustomListener:19 - Test execution has started for : verifyProductName
2023-01-20 14:35:30 INFO  RetryFailedTests:20 - Running a failed test 2 times
2023-01-20 14:35:30 INFO  CustomListener:36 - Test execution has skipped for : verifyProductName
2023-01-20 14:35:37 INFO  CustomListener:19 - Test execution has started for : verifyProductName
2023-01-20 14:35:37 ERROR CustomListener:30 - Test execution failed and taking screen shot: verifyProductName
2023-01-20 14:35:48 INFO  CustomListener:19 - Test execution has started for : verifyProductPrice
2023-01-20 14:35:48 INFO  RetryFailedTests:20 - Running a failed test 1 times
2023-01-20 14:35:48 INFO  CustomListener:36 - Test execution has skipped for : verifyProductPrice
2023-01-20 14:35:56 INFO  CustomListener:19 - Test execution has started for : verifyProductPrice
2023-01-20 14:35:56 INFO  RetryFailedTests:20 - Running a failed test 2 times
2023-01-20 14:35:56 INFO  CustomListener:36 - Test execution has skipped for : verifyProductPrice
2023-01-20 14:36:03 INFO  CustomListener:19 - Test execution has started for : verifyProductPrice
2023-01-20 14:36:03 ERROR CustomListener:30 - Test execution failed and taking screen shot: verifyProductPrice
2023-01-20 14:36:11 INFO  CustomListener:19 - Test execution has started for : verifyModifyBannerAfterDelete
2023-01-20 14:36:11 INFO  RetryFailedTests:20 - Running a failed test 1 times
2023-01-20 14:36:11 INFO  CustomListener:36 - Test execution has skipped for : verifyModifyBannerAfterDelete
2023-01-20 14:36:19 INFO  CustomListener:19 - Test execution has started for : verifyModifyBannerAfterDelete
2023-01-20 14:36:19 INFO  RetryFailedTests:20 - Running a failed test 2 times
2023-01-20 14:36:19 INFO  CustomListener:36 - Test execution has skipped for : verifyModifyBannerAfterDelete
2023-01-20 14:36:26 INFO  CustomListener:19 - Test execution has started for : verifyModifyBannerAfterDelete
2023-01-20 14:36:26 ERROR CustomListener:30 - Test execution failed and taking screen shot: verifyModifyBannerAfterDelete
2023-01-20 14:41:18 INFO  CustomListener:36 - Test execution has skipped for : verifyLoginCredentials
2023-01-20 14:41:23 INFO  CustomListener:19 - Test execution has started for : testSomething
2023-01-20 14:41:23 INFO  CustomListener:36 - Test execution has skipped for : testSomething
2023-01-20 14:41:23 INFO  CustomListener:19 - Test execution has started for : validateLogin
2023-01-20 14:41:23 INFO  CustomListener:36 - Test execution has skipped for : validateLogin
2023-01-20 14:41:23 INFO  CustomListener:19 - Test execution has started for : verifyAlertBannerForNewsletterSubscription
2023-01-20 14:41:23 INFO  CustomListener:36 - Test execution has skipped for : verifyAlertBannerForNewsletterSubscription
2023-01-20 14:41:23 INFO  CustomListener:19 - Test execution has started for : verifyAlertBannerForTelephoneUpdate
2023-01-20 14:41:23 INFO  CustomListener:36 - Test execution has skipped for : verifyAlertBannerForTelephoneUpdate
2023-01-20 14:41:30 INFO  CustomListener:19 - Test execution has started for : validateTitle
2023-01-20 14:41:30 INFO  CustomListener:24 - Test execution has passed for : validateTitle
2023-01-20 14:41:37 INFO  CustomListener:19 - Test execution has started for : verifyProductName
2023-01-20 14:41:37 INFO  RetryFailedTests:20 - Running a failed test 1 times
2023-01-20 14:41:37 INFO  CustomListener:36 - Test execution has skipped for : verifyProductName
2023-01-20 14:41:44 INFO  CustomListener:19 - Test execution has started for : verifyProductName
2023-01-20 14:41:44 INFO  RetryFailedTests:20 - Running a failed test 2 times
2023-01-20 14:41:44 INFO  CustomListener:36 - Test execution has skipped for : verifyProductName
2023-01-20 14:41:51 INFO  CustomListener:19 - Test execution has started for : verifyProductName
2023-01-20 14:41:52 ERROR CustomListener:30 - Test execution failed and taking screen shot: verifyProductName
2023-01-20 14:41:52 ERROR CustomListener:30 - Test execution failed and taking screen shot: verifyProductName
2023-01-20 16:57:31 INFO  CustomListener:36 - Test execution has skipped for : verifyLoginCredentials
2023-01-20 16:57:37 INFO  CustomListener:19 - Test execution has started for : testSomething
2023-01-20 16:57:37 INFO  CustomListener:36 - Test execution has skipped for : testSomething
2023-01-20 16:57:37 INFO  CustomListener:19 - Test execution has started for : validateLogin
2023-01-20 16:57:37 INFO  CustomListener:36 - Test execution has skipped for : validateLogin
2023-01-20 16:57:37 INFO  CustomListener:19 - Test execution has started for : verifyAlertBannerForNewsletterSubscription
2023-01-20 16:57:37 INFO  CustomListener:36 - Test execution has skipped for : verifyAlertBannerForNewsletterSubscription
2023-01-20 16:57:37 INFO  CustomListener:19 - Test execution has started for : verifyAlertBannerForTelephoneUpdate
2023-01-20 16:57:37 INFO  CustomListener:36 - Test execution has skipped for : verifyAlertBannerForTelephoneUpdate
2023-01-20 16:57:45 INFO  CustomListener:19 - Test execution has started for : validateTitle
2023-01-20 16:57:45 INFO  CustomListener:24 - Test execution has passed for : validateTitle
2023-01-20 16:57:53 INFO  CustomListener:19 - Test execution has started for : verifyProductName
2023-01-20 16:57:53 INFO  RetryFailedTests:20 - Running a failed test 1 times
2023-01-20 16:57:53 INFO  CustomListener:36 - Test execution has skipped for : verifyProductName
2023-01-20 16:58:01 INFO  CustomListener:19 - Test execution has started for : verifyProductName
2023-01-20 16:58:01 INFO  RetryFailedTests:20 - Running a failed test 2 times
2023-01-20 16:58:01 INFO  CustomListener:36 - Test execution has skipped for : verifyProductName
2023-01-20 16:58:09 INFO  CustomListener:19 - Test execution has started for : verifyProductName
2023-01-20 16:58:09 ERROR CustomListener:30 - Test execution failed and taking screen shot: verifyProductName
2023-01-20 16:58:19 INFO  CustomListener:19 - Test execution has started for : verifyProductPrice
2023-01-20 16:58:20 INFO  RetryFailedTests:20 - Running a failed test 1 times
2023-01-20 16:58:20 INFO  CustomListener:36 - Test execution has skipped for : verifyProductPrice
2023-01-20 16:58:30 INFO  CustomListener:19 - Test execution has started for : verifyProductPrice
2023-01-20 16:58:30 INFO  RetryFailedTests:20 - Running a failed test 2 times
2023-01-20 16:58:30 INFO  CustomListener:36 - Test execution has skipped for : verifyProductPrice
2023-01-20 16:58:40 INFO  CustomListener:19 - Test execution has started for : verifyProductPrice
2023-01-20 16:58:41 ERROR CustomListener:30 - Test execution failed and taking screen shot: verifyProductPrice
2023-01-20 16:58:50 INFO  CustomListener:19 - Test execution has started for : verifyModifyBannerAfterDelete
2023-01-20 16:58:50 INFO  RetryFailedTests:20 - Running a failed test 1 times
2023-01-20 16:58:50 INFO  CustomListener:36 - Test execution has skipped for : verifyModifyBannerAfterDelete
2023-01-20 16:59:02 INFO  CustomListener:19 - Test execution has started for : verifyModifyBannerAfterDelete
2023-01-20 16:59:02 INFO  RetryFailedTests:20 - Running a failed test 2 times
2023-01-20 16:59:02 INFO  CustomListener:36 - Test execution has skipped for : verifyModifyBannerAfterDelete
2023-01-20 16:59:14 INFO  CustomListener:19 - Test execution has started for : verifyModifyBannerAfterDelete
2023-01-20 16:59:14 ERROR CustomListener:30 - Test execution failed and taking screen shot: verifyModifyBannerAfterDelete
2023-01-23 14:42:21 INFO  CustomListener:36 - Test execution has skipped for : verifyLoginCredentials
2023-01-23 14:43:36 INFO  CustomListener:36 - Test execution has skipped for : verifyLoginCredentials
2023-01-23 14:43:52 INFO  CustomListener:19 - Test execution has started for : testSomething
2023-01-23 14:43:52 INFO  CustomListener:36 - Test execution has skipped for : testSomething
2023-01-23 14:43:52 INFO  CustomListener:19 - Test execution has started for : validateLogin
2023-01-23 14:43:52 INFO  CustomListener:36 - Test execution has skipped for : validateLogin
2023-01-23 14:43:52 INFO  CustomListener:19 - Test execution has started for : verifyAlertBannerForNewsletterSubscription
2023-01-23 14:43:52 INFO  CustomListener:36 - Test execution has skipped for : verifyAlertBannerForNewsletterSubscription
2023-01-23 14:43:52 INFO  CustomListener:19 - Test execution has started for : verifyAlertBannerForTelephoneUpdate
2023-01-23 14:43:52 INFO  CustomListener:36 - Test execution has skipped for : verifyAlertBannerForTelephoneUpdate
2023-01-23 14:44:14 INFO  CustomListener:36 - Test execution has skipped for : verifyLoginCredentials
2023-03-02 14:46:46 INFO  CustomListener:19 - Test execution has started for : testSomething
2023-03-02 14:46:46 INFO  RetryFailedTests:20 - Running a failed test 1 times
2023-03-02 14:46:46 INFO  CustomListener:36 - Test execution has skipped for : testSomething
2023-03-02 14:46:53 INFO  CustomListener:19 - Test execution has started for : testSomething
2023-03-02 14:46:53 INFO  RetryFailedTests:20 - Running a failed test 2 times
2023-03-02 14:46:53 INFO  CustomListener:36 - Test execution has skipped for : testSomething
2023-03-02 14:47:00 INFO  CustomListener:19 - Test execution has started for : testSomething
2023-03-02 14:47:00 INFO  CustomListener:30 - Test execution failed and taking screen shot: testSomething
2023-03-02 14:47:08 INFO  CustomListener:19 - Test execution has started for : validateLogin
2023-03-02 14:47:08 INFO  CustomListener:24 - Test execution has passed for : validateLogin
2023-03-02 14:47:14 INFO  CustomListener:19 - Test execution has started for : verifyAlertBannerForNewsletterSubscription
2023-03-02 14:47:15 INFO  RetryFailedTests:20 - Running a failed test 1 times
2023-03-02 14:47:15 INFO  CustomListener:36 - Test execution has skipped for : verifyAlertBannerForNewsletterSubscription
2023-03-02 14:47:22 INFO  CustomListener:19 - Test execution has started for : verifyAlertBannerForNewsletterSubscription
2023-03-02 14:47:23 INFO  RetryFailedTests:20 - Running a failed test 2 times
2023-03-02 14:47:23 INFO  CustomListener:36 - Test execution has skipped for : verifyAlertBannerForNewsletterSubscription
2023-03-02 14:47:30 INFO  CustomListener:19 - Test execution has started for : verifyAlertBannerForNewsletterSubscription
2023-03-02 14:47:31 INFO  CustomListener:30 - Test execution failed and taking screen shot: verifyAlertBannerForNewsletterSubscription
2023-03-02 14:47:32 INFO  CustomListener:19 - Test execution has started for : verifyAlertBannerForTelephoneUpdate
2023-03-02 14:47:32 INFO  CustomListener:36 - Test execution has skipped for : verifyAlertBannerForTelephoneUpdate
2023-12-07 23:39:39 INFO  CustomListener:36 - Test execution has skipped for : verifyLoginCredentials
2023-12-07 23:39:52 INFO  CustomListener:19 - Test execution has started for : testSomething
2023-12-07 23:39:52 INFO  RetryFailedTests:20 - Running a failed test 1 times
2023-12-07 23:39:52 INFO  CustomListener:36 - Test execution has skipped for : testSomething
2023-12-07 23:40:01 INFO  CustomListener:19 - Test execution has started for : testSomething
2023-12-07 23:40:01 INFO  RetryFailedTests:20 - Running a failed test 2 times
2023-12-07 23:40:01 INFO  CustomListener:36 - Test execution has skipped for : testSomething
2023-12-07 23:40:09 INFO  CustomListener:19 - Test execution has started for : testSomething
2023-12-07 23:40:09 ERROR CustomListener:30 - Test execution failed and taking screen shot: testSomething
2023-12-07 23:40:17 INFO  CustomListener:19 - Test execution has started for : validateLogin
2023-12-07 23:40:17 INFO  RetryFailedTests:20 - Running a failed test 1 times
2023-12-07 23:40:17 INFO  CustomListener:36 - Test execution has skipped for : validateLogin
2023-12-07 23:40:25 INFO  CustomListener:19 - Test execution has started for : validateLogin
2023-12-07 23:40:25 INFO  RetryFailedTests:20 - Running a failed test 2 times
2023-12-07 23:40:25 INFO  CustomListener:36 - Test execution has skipped for : validateLogin
2023-12-07 23:40:33 INFO  CustomListener:19 - Test execution has started for : validateLogin
2023-12-07 23:40:33 ERROR CustomListener:30 - Test execution failed and taking screen shot: validateLogin
2023-12-07 23:40:41 INFO  CustomListener:19 - Test execution has started for : verifyAlertBannerForNewsletterSubscription
2023-12-25 13:46:12 INFO  CustomListener:19 - Test execution has started for : validateLogin
2023-12-25 13:46:12 INFO  RetryFailedTests:20 - Running a failed test 1 times
2023-12-25 13:46:12 INFO  CustomListener:36 - Test execution has skipped for : validateLogin
2023-12-25 13:46:12 INFO  CustomListener:19 - Test execution has started for : validateLogin
2023-12-25 13:46:12 INFO  RetryFailedTests:20 - Running a failed test 2 times
2023-12-25 13:46:12 INFO  CustomListener:36 - Test execution has skipped for : validateLogin
2023-12-25 13:46:12 INFO  CustomListener:19 - Test execution has started for : validateLogin
2023-12-25 13:46:12 ERROR CustomListener:30 - Test execution failed and taking screen shot: validateLogin
2023-12-25 13:46:12 ERROR CustomListener:30 - Test execution failed and taking screen shot: validateLogin
2023-12-25 13:47:43 INFO  CustomListener:36 - Test execution has skipped for : verifyLoginCredentials
2023-12-25 13:47:51 INFO  CustomListener:19 - Test execution has started for : testSomething
2023-12-25 13:47:51 INFO  RetryFailedTests:20 - Running a failed test 1 times
2023-12-25 13:47:51 INFO  CustomListener:36 - Test execution has skipped for : testSomething
2023-12-25 13:47:59 INFO  CustomListener:19 - Test execution has started for : testSomething
2023-12-25 13:47:59 INFO  RetryFailedTests:20 - Running a failed test 2 times
2023-12-25 13:47:59 INFO  CustomListener:36 - Test execution has skipped for : testSomething
